{"C:\\Users\\nstef\\OneDrive - unige.it\\SSGS\\ssgs-projects\\ssgs-calc\\math.js": {"path":"C:\\Users\\nstef\\OneDrive - unige.it\\SSGS\\ssgs-projects\\ssgs-calc\\math.js","statementMap":{"0":{"start":{"line":2,"column":4},"end":{"line":2,"column":17}},"1":{"start":{"line":6,"column":4},"end":{"line":6,"column":21}},"2":{"start":{"line":10,"column":4},"end":{"line":10,"column":17}},"3":{"start":{"line":14,"column":4},"end":{"line":14,"column":22}},"4":{"start":{"line":18,"column":4},"end":{"line":18,"column":17}},"5":{"start":{"line":22,"column":4},"end":{"line":23,"column":46}},"6":{"start":{"line":23,"column":8},"end":{"line":23,"column":46}},"7":{"start":{"line":25,"column":4},"end":{"line":25,"column":17}},"8":{"start":{"line":29,"column":14},"end":{"line":29,"column":15}},"9":{"start":{"line":31,"column":4},"end":{"line":32,"column":22}},"10":{"start":{"line":31,"column":17},"end":{"line":31,"column":18}},"11":{"start":{"line":32,"column":8},"end":{"line":32,"column":22}},"12":{"start":{"line":34,"column":4},"end":{"line":34,"column":15}},"13":{"start":{"line":38,"column":0},"end":{"line":38,"column":69}}},"fnMap":{"0":{"name":"add","decl":{"start":{"line":1,"column":9},"end":{"line":1,"column":12}},"loc":{"start":{"line":1,"column":19},"end":{"line":3,"column":1}},"line":1},"1":{"name":"sum","decl":{"start":{"line":5,"column":9},"end":{"line":5,"column":12}},"loc":{"start":{"line":5,"column":19},"end":{"line":7,"column":1}},"line":5},"2":{"name":"diff","decl":{"start":{"line":9,"column":9},"end":{"line":9,"column":13}},"loc":{"start":{"line":9,"column":20},"end":{"line":11,"column":1}},"line":9},"3":{"name":"subtract","decl":{"start":{"line":13,"column":9},"end":{"line":13,"column":17}},"loc":{"start":{"line":13,"column":24},"end":{"line":15,"column":1}},"line":13},"4":{"name":"multiply","decl":{"start":{"line":17,"column":9},"end":{"line":17,"column":17}},"loc":{"start":{"line":17,"column":24},"end":{"line":19,"column":1}},"line":17},"5":{"name":"divide","decl":{"start":{"line":21,"column":9},"end":{"line":21,"column":15}},"loc":{"start":{"line":21,"column":22},"end":{"line":26,"column":1}},"line":21},"6":{"name":"pow","decl":{"start":{"line":28,"column":9},"end":{"line":28,"column":12}},"loc":{"start":{"line":28,"column":19},"end":{"line":36,"column":1}},"line":28}},"branchMap":{"0":{"loc":{"start":{"line":22,"column":4},"end":{"line":23,"column":46}},"type":"if","locations":[{"start":{"line":22,"column":4},"end":{"line":23,"column":46}},{"start":{},"end":{}}],"line":22}},"s":{"0":2,"1":0,"2":2,"3":0,"4":3,"5":3,"6":1,"7":2,"8":2,"9":2,"10":2,"11":10,"12":2,"13":1},"f":{"0":2,"1":0,"2":2,"3":0,"4":3,"5":3,"6":2},"b":{"0":[1,2]},"_coverageSchema":"1a1c01bbd47fc00a2c39e90264f33305004495a9","hash":"ac5306153a3094d689d314078c851c4d99847602"}
}
