{"C:\\Users\\nstef\\OneDrive - unige.it\\SSGS\\ssgs-projects\\ssgs-calc\\math.js": {"path":"C:\\Users\\nstef\\OneDrive - unige.it\\SSGS\\ssgs-projects\\ssgs-calc\\math.js","statementMap":{"0":{"start":{"line":2,"column":4},"end":{"line":2,"column":17}},"1":{"start":{"line":6,"column":4},"end":{"line":6,"column":21}},"2":{"start":{"line":10,"column":4},"end":{"line":10,"column":17}},"3":{"start":{"line":14,"column":4},"end":{"line":14,"column":17}},"4":{"start":{"line":18,"column":4},"end":{"line":18,"column":17}},"5":{"start":{"line":22,"column":14},"end":{"line":22,"column":15}},"6":{"start":{"line":24,"column":4},"end":{"line":25,"column":22}},"7":{"start":{"line":24,"column":17},"end":{"line":24,"column":18}},"8":{"start":{"line":25,"column":8},"end":{"line":25,"column":22}},"9":{"start":{"line":27,"column":4},"end":{"line":27,"column":15}},"10":{"start":{"line":31,"column":0},"end":{"line":31,"column":59}}},"fnMap":{"0":{"name":"add","decl":{"start":{"line":1,"column":9},"end":{"line":1,"column":12}},"loc":{"start":{"line":1,"column":19},"end":{"line":3,"column":1}},"line":1},"1":{"name":"sum","decl":{"start":{"line":5,"column":9},"end":{"line":5,"column":12}},"loc":{"start":{"line":5,"column":19},"end":{"line":7,"column":1}},"line":5},"2":{"name":"diff","decl":{"start":{"line":9,"column":9},"end":{"line":9,"column":13}},"loc":{"start":{"line":9,"column":20},"end":{"line":11,"column":1}},"line":9},"3":{"name":"multiply","decl":{"start":{"line":13,"column":9},"end":{"line":13,"column":17}},"loc":{"start":{"line":13,"column":24},"end":{"line":15,"column":1}},"line":13},"4":{"name":"divide","decl":{"start":{"line":17,"column":9},"end":{"line":17,"column":15}},"loc":{"start":{"line":17,"column":22},"end":{"line":19,"column":1}},"line":17},"5":{"name":"pow","decl":{"start":{"line":21,"column":9},"end":{"line":21,"column":12}},"loc":{"start":{"line":21,"column":19},"end":{"line":29,"column":1}},"line":21}},"branchMap":{},"s":{"0":2,"1":0,"2":0,"3":0,"4":0,"5":0,"6":0,"7":0,"8":0,"9":0,"10":1},"f":{"0":2,"1":0,"2":0,"3":0,"4":0,"5":0},"b":{},"_coverageSchema":"1a1c01bbd47fc00a2c39e90264f33305004495a9","hash":"63c0f87cc0cbbc7381356fb15b3bd2d751e9dd43"}
}
